2023-Oct-01 17:48:18 PM [main] DEBUG io.netty.util.internal.logging.InternalLoggerFactory - Using Log4J2 as the default logging framework
2023-Oct-01 17:48:18 PM [main] DEBUG io.netty.util.ResourceLeakDetector - -Dio.netty.leakDetection.level: simple
2023-Oct-01 17:48:18 PM [main] DEBUG io.netty.util.ResourceLeakDetector - -Dio.netty.leakDetection.targetRecords: 4
2023-Oct-01 17:48:18 PM [main] DEBUG io.netty.util.ResourceLeakDetectorFactory - Loaded default ResourceLeakDetector: io.netty.util.ResourceLeakDetector@7a904f32
2023-Oct-01 17:48:18 PM [main] DEBUG io.netty.util.internal.PlatformDependent0 - -Dio.netty.noUnsafe: false
2023-Oct-01 17:48:18 PM [main] DEBUG io.netty.util.internal.PlatformDependent0 - Java version: 17
2023-Oct-01 17:48:18 PM [main] DEBUG io.netty.util.internal.PlatformDependent0 - sun.misc.Unsafe.theUnsafe: available
2023-Oct-01 17:48:18 PM [main] DEBUG io.netty.util.internal.PlatformDependent0 - sun.misc.Unsafe.copyMemory: available
2023-Oct-01 17:48:18 PM [main] DEBUG io.netty.util.internal.PlatformDependent0 - sun.misc.Unsafe.storeFence: available
2023-Oct-01 17:48:18 PM [main] DEBUG io.netty.util.internal.PlatformDependent0 - java.nio.Buffer.address: available
2023-Oct-01 17:48:18 PM [main] DEBUG io.netty.util.internal.PlatformDependent0 - direct buffer constructor: unavailable: Reflective setAccessible(true) disabled
2023-Oct-01 17:48:18 PM [main] DEBUG io.netty.util.internal.PlatformDependent0 - java.nio.Bits.unaligned: available, true
2023-Oct-01 17:48:18 PM [main] DEBUG io.netty.util.internal.PlatformDependent0 - jdk.internal.misc.Unsafe.allocateUninitializedArray(int): unavailable: class io.netty.util.internal.PlatformDependent0$7 cannot access class jdk.internal.misc.Unsafe (in module java.base) because module java.base does not export jdk.internal.misc to unnamed module @7e0b0338
2023-Oct-01 17:48:18 PM [main] DEBUG io.netty.util.internal.PlatformDependent0 - java.nio.DirectByteBuffer.<init>(long, {int,long}): unavailable
2023-Oct-01 17:48:18 PM [main] DEBUG io.netty.util.internal.PlatformDependent - sun.misc.Unsafe: available
2023-Oct-01 17:48:18 PM [main] DEBUG io.netty.util.internal.PlatformDependent - maxDirectMemory: 4244635648 bytes (maybe)
2023-Oct-01 17:48:18 PM [main] DEBUG io.netty.util.internal.PlatformDependent - -Dio.netty.tmpdir: C:\Users\Admin\AppData\Local\Temp (java.io.tmpdir)
2023-Oct-01 17:48:18 PM [main] DEBUG io.netty.util.internal.PlatformDependent - -Dio.netty.bitMode: 64 (sun.arch.data.model)
2023-Oct-01 17:48:18 PM [main] DEBUG io.netty.util.internal.PlatformDependent - Platform: Windows
2023-Oct-01 17:48:18 PM [main] DEBUG io.netty.util.internal.PlatformDependent - -Dio.netty.maxDirectMemory: -1 bytes
2023-Oct-01 17:48:18 PM [main] DEBUG io.netty.util.internal.PlatformDependent - -Dio.netty.uninitializedArrayAllocationThreshold: -1
2023-Oct-01 17:48:18 PM [main] DEBUG io.netty.util.internal.CleanerJava9 - java.nio.ByteBuffer.cleaner(): available
2023-Oct-01 17:48:18 PM [main] DEBUG io.netty.util.internal.PlatformDependent - -Dio.netty.noPreferDirect: false
2023-Oct-01 17:48:18 PM [main] DEBUG io.netty.util.internal.PlatformDependent - org.jctools-core.MpscChunkedArrayQueue: available
2023-Oct-01 17:48:18 PM [main] DEBUG io.netty.util.internal.InternalThreadLocalMap - -Dio.netty.threadLocalMap.stringBuilder.initialSize: 1024
2023-Oct-01 17:48:18 PM [main] DEBUG io.netty.util.internal.InternalThreadLocalMap - -Dio.netty.threadLocalMap.stringBuilder.maxSize: 4096
2023-Oct-01 17:48:19 PM [main] DEBUG io.netty.handler.ssl.JdkSslContext - Default protocols (JDK): [TLSv1.3, TLSv1.2] 
2023-Oct-01 17:48:19 PM [main] DEBUG io.netty.handler.ssl.JdkSslContext - Default cipher suites (JDK): [TLS_ECDHE_ECDSA_WITH_AES_256_GCM_SHA384, TLS_ECDHE_ECDSA_WITH_AES_128_GCM_SHA256, TLS_ECDHE_RSA_WITH_AES_128_GCM_SHA256, TLS_ECDHE_RSA_WITH_AES_256_GCM_SHA384, TLS_ECDHE_RSA_WITH_AES_128_CBC_SHA, TLS_ECDHE_RSA_WITH_AES_256_CBC_SHA, TLS_RSA_WITH_AES_128_GCM_SHA256, TLS_RSA_WITH_AES_128_CBC_SHA, TLS_RSA_WITH_AES_256_CBC_SHA, TLS_AES_128_GCM_SHA256, TLS_AES_256_GCM_SHA384]
2023-Oct-01 17:48:19 PM [main] DEBUG io.netty.util.concurrent.GlobalEventExecutor - -Dio.netty.globalEventExecutor.quietPeriodSeconds: 1
2023-Oct-01 17:48:19 PM [main] DEBUG io.netty.channel.MultithreadEventLoopGroup - -Dio.netty.eventLoopThreads: 16
2023-Oct-01 17:48:19 PM [main] DEBUG io.netty.channel.nio.NioEventLoop - -Dio.netty.noKeySetOptimization: false
2023-Oct-01 17:48:19 PM [main] DEBUG io.netty.channel.nio.NioEventLoop - -Dio.netty.selectorAutoRebuildThreshold: 512
2023-Oct-01 17:48:19 PM [main] DEBUG io.netty.buffer.PooledByteBufAllocator - -Dio.netty.allocator.numHeapArenas: 16
2023-Oct-01 17:48:19 PM [main] DEBUG io.netty.buffer.PooledByteBufAllocator - -Dio.netty.allocator.numDirectArenas: 16
2023-Oct-01 17:48:19 PM [main] DEBUG io.netty.buffer.PooledByteBufAllocator - -Dio.netty.allocator.pageSize: 8192
2023-Oct-01 17:48:19 PM [main] DEBUG io.netty.buffer.PooledByteBufAllocator - -Dio.netty.allocator.maxOrder: 9
2023-Oct-01 17:48:19 PM [main] DEBUG io.netty.buffer.PooledByteBufAllocator - -Dio.netty.allocator.chunkSize: 4194304
2023-Oct-01 17:48:19 PM [main] DEBUG io.netty.buffer.PooledByteBufAllocator - -Dio.netty.allocator.smallCacheSize: 256
2023-Oct-01 17:48:19 PM [main] DEBUG io.netty.buffer.PooledByteBufAllocator - -Dio.netty.allocator.normalCacheSize: 64
2023-Oct-01 17:48:19 PM [main] DEBUG io.netty.buffer.PooledByteBufAllocator - -Dio.netty.allocator.maxCachedBufferCapacity: 32768
2023-Oct-01 17:48:19 PM [main] DEBUG io.netty.buffer.PooledByteBufAllocator - -Dio.netty.allocator.cacheTrimInterval: 8192
2023-Oct-01 17:48:19 PM [main] DEBUG io.netty.buffer.PooledByteBufAllocator - -Dio.netty.allocator.cacheTrimIntervalMillis: 0
2023-Oct-01 17:48:19 PM [main] DEBUG io.netty.buffer.PooledByteBufAllocator - -Dio.netty.allocator.useCacheForAllThreads: false
2023-Oct-01 17:48:19 PM [main] DEBUG io.netty.buffer.PooledByteBufAllocator - -Dio.netty.allocator.maxCachedByteBuffersPerChunk: 1023
2023-Oct-01 17:48:19 PM [main] DEBUG io.netty.buffer.ByteBufUtil - -Dio.netty.allocator.type: pooled
2023-Oct-01 17:48:19 PM [main] DEBUG io.netty.buffer.ByteBufUtil - -Dio.netty.threadLocalDirectBufferSize: 0
2023-Oct-01 17:48:19 PM [main] DEBUG io.netty.buffer.ByteBufUtil - -Dio.netty.maxThreadLocalCharBufferSize: 16384
2023-Oct-01 17:48:20 PM [Forwarding newSession on session null to remote] DEBUG io.netty.channel.DefaultChannelId - -Dio.netty.processId: 7788 (auto-detected)
2023-Oct-01 17:48:20 PM [Forwarding newSession on session null to remote] DEBUG io.netty.util.NetUtil - -Djava.net.preferIPv4Stack: false
2023-Oct-01 17:48:20 PM [Forwarding newSession on session null to remote] DEBUG io.netty.util.NetUtil - -Djava.net.preferIPv6Addresses: false
2023-Oct-01 17:48:20 PM [Forwarding newSession on session null to remote] DEBUG io.netty.util.NetUtilInitializations - Loopback interface: lo (Software Loopback Interface 1, 127.0.0.1)
2023-Oct-01 17:48:20 PM [Forwarding newSession on session null to remote] DEBUG io.netty.util.NetUtil - Failed to get SOMAXCONN from sysctl and file \proc\sys\net\core\somaxconn. Default: 200
2023-Oct-01 17:48:20 PM [Forwarding newSession on session null to remote] DEBUG io.netty.channel.DefaultChannelId - -Dio.netty.machineId: b0:a4:60:ff:fe:97:f2:de (auto-detected)
2023-Oct-01 17:48:20 PM [AsyncHttpClient-1-2] DEBUG io.netty.buffer.AbstractByteBuf - -Dio.netty.buffer.checkAccessible: true
2023-Oct-01 17:48:20 PM [AsyncHttpClient-1-2] DEBUG io.netty.buffer.AbstractByteBuf - -Dio.netty.buffer.checkBounds: true
2023-Oct-01 17:48:20 PM [AsyncHttpClient-1-2] DEBUG io.netty.util.ResourceLeakDetectorFactory - Loaded default ResourceLeakDetector: io.netty.util.ResourceLeakDetector@6b3833e9
2023-Oct-01 17:48:20 PM [AsyncHttpClient-1-2] DEBUG io.netty.util.Recycler - -Dio.netty.recycler.maxCapacityPerThread: 4096
2023-Oct-01 17:48:20 PM [AsyncHttpClient-1-2] DEBUG io.netty.util.Recycler - -Dio.netty.recycler.ratio: 8
2023-Oct-01 17:48:20 PM [AsyncHttpClient-1-2] DEBUG io.netty.util.Recycler - -Dio.netty.recycler.chunkSize: 32
2023-Oct-01 17:48:20 PM [AsyncHttpClient-1-2] DEBUG io.netty.util.Recycler - -Dio.netty.recycler.blocking: false
2023-Oct-01 17:48:20 PM [AsyncHttpClient-1-2] DEBUG io.netty.util.Recycler - -Dio.netty.recycler.batchFastThreadLocalOnly: true
2023-Oct-01 17:48:21 PM [AsyncHttpClient-1-2] DEBUG io.netty.handler.codec.compression.Brotli - brotli4j not in the classpath; Brotli support will be unavailable.
2023-Oct-01 17:48:21 PM [main] DEBUG io.netty.util.internal.ThreadLocalRandom - -Dio.netty.initialSeedUniquifier: 0x327e0e5e1d6a4e23
2023-Oct-01 17:48:21 PM [main] INFO  com.automationpractice.core.WebDriverFactory - Chrome Browser invoked
2023-Oct-01 17:48:22 PM [main] INFO  com.automationpractice.core.WebDriverFactory - Driver maximized and implicit time out set to 40 seconds
2023-Oct-01 17:48:22 PM [main] INFO  com.automationpractice.STEPDEFS.STEPDEFS - Browser invoked.
2023-Oct-01 17:48:33 PM [main] INFO  com.automationpractice.core.WebDriverFactory - Browser navigated to the url: http://automationpractice.pl/
2023-Oct-01 17:48:34 PM [main] INFO  com.automationpractice.core.WebDriverFactory - Driver closed
2023-Oct-01 17:48:36 PM [main] INFO  com.automationpractice.core.WebDriverFactory - Chrome Browser invoked
2023-Oct-01 17:48:36 PM [main] INFO  com.automationpractice.core.WebDriverFactory - Driver maximized and implicit time out set to 40 seconds
2023-Oct-01 17:48:36 PM [main] INFO  com.automationpractice.STEPDEFS.STEPDEFS - Browser invoked.
2023-Oct-01 17:48:42 PM [main] INFO  com.automationpractice.core.WebDriverFactory - Browser navigated to the url: http://automationpractice.pl/
2023-Oct-01 17:49:23 PM [main] INFO  com.automationpractice.core.WebDriverFactory - Driver closed
2023-Oct-01 17:49:25 PM [main] INFO  com.automationpractice.core.WebDriverFactory - Chrome Browser invoked
2023-Oct-01 17:49:25 PM [main] INFO  com.automationpractice.core.WebDriverFactory - Driver maximized and implicit time out set to 40 seconds
2023-Oct-01 17:49:25 PM [main] INFO  com.automationpractice.STEPDEFS.STEPDEFS - Browser invoked.
2023-Oct-01 17:49:38 PM [main] INFO  com.automationpractice.core.WebDriverFactory - Browser navigated to the url: http://automationpractice.pl/
2023-Oct-01 17:49:38 PM [main] INFO  com.automationpractice.pgobjct.HomePageObject - Main Product list count is -4
2023-Oct-01 17:49:38 PM [main] INFO  com.automationpractice.pgobjct.HomePageObject -  product are WOMEN And WOMEN
2023-Oct-01 17:49:38 PM [main] INFO  com.automationpractice.core.WebDriverFactory - Driver closed
2023-Oct-01 17:49:40 PM [main] INFO  com.automationpractice.core.WebDriverFactory - Chrome Browser invoked
2023-Oct-01 17:49:40 PM [main] INFO  com.automationpractice.core.WebDriverFactory - Driver maximized and implicit time out set to 40 seconds
2023-Oct-01 17:49:40 PM [main] INFO  com.automationpractice.STEPDEFS.STEPDEFS - Browser invoked.
2023-Oct-01 17:49:57 PM [main] INFO  com.automationpractice.core.WebDriverFactory - Browser navigated to the url: http://automationpractice.pl/
2023-Oct-01 17:49:57 PM [main] INFO  com.automationpractice.pgobjct.HomePageObject - Main Product list count is -4
2023-Oct-01 17:49:57 PM [main] INFO  com.automationpractice.pgobjct.HomePageObject -  product are DRESSES And DRESSES
2023-Oct-01 17:49:58 PM [main] INFO  com.automationpractice.core.WebDriverFactory - Driver closed
2023-Oct-01 17:50:00 PM [main] INFO  com.automationpractice.core.WebDriverFactory - Chrome Browser invoked
2023-Oct-01 17:50:00 PM [main] INFO  com.automationpractice.core.WebDriverFactory - Driver maximized and implicit time out set to 40 seconds
2023-Oct-01 17:50:00 PM [main] INFO  com.automationpractice.STEPDEFS.STEPDEFS - Browser invoked.
2023-Oct-01 17:50:10 PM [main] INFO  com.automationpractice.core.WebDriverFactory - Browser navigated to the url: http://automationpractice.pl/
2023-Oct-01 17:50:10 PM [main] INFO  com.automationpractice.pgobjct.HomePageObject - Main Product list count is -4
2023-Oct-01 17:50:11 PM [main] INFO  com.automationpractice.pgobjct.HomePageObject -  product are T-SHIRTS And T-SHIRTS
2023-Oct-01 17:50:11 PM [main] INFO  com.automationpractice.core.WebDriverFactory - Driver closed
2023-Oct-01 17:50:13 PM [main] INFO  com.automationpractice.core.WebDriverFactory - Chrome Browser invoked
2023-Oct-01 17:50:13 PM [main] INFO  com.automationpractice.core.WebDriverFactory - Driver maximized and implicit time out set to 40 seconds
2023-Oct-01 17:50:13 PM [main] INFO  com.automationpractice.STEPDEFS.STEPDEFS - Browser invoked.
2023-Oct-01 17:50:23 PM [main] INFO  com.automationpractice.core.WebDriverFactory - Browser navigated to the url: http://automationpractice.pl/
2023-Oct-01 17:50:23 PM [main] INFO  com.automationpractice.pgobjct.HomePageObject - user searched for T-shirt
2023-Oct-01 17:50:24 PM [main] INFO  com.automationpractice.pgobjct.HomePageObject - the Auotsuggestiontext T-shirts > Faded Short Sleeve T-shirts Conatains Faded
2023-Oct-01 17:50:24 PM [main] INFO  com.automationpractice.core.WebDriverFactory - Driver closed
2023-Oct-01 17:50:26 PM [main] INFO  com.automationpractice.core.WebDriverFactory - Chrome Browser invoked
2023-Oct-01 17:50:26 PM [main] INFO  com.automationpractice.core.WebDriverFactory - Driver maximized and implicit time out set to 40 seconds
2023-Oct-01 17:50:26 PM [main] INFO  com.automationpractice.STEPDEFS.STEPDEFS - Browser invoked.
2023-Oct-01 17:50:33 PM [main] INFO  com.automationpractice.core.WebDriverFactory - Browser navigated to the url: http://automationpractice.pl/
2023-Oct-01 17:50:34 PM [main] INFO  com.automationpractice.pgobjct.HomePageObject - User clicked on Twitter button
2023-Oct-01 17:50:34 PM [main] INFO  com.automationpractice.core.WebDriverFactory - Switched on new tab
2023-Oct-01 17:50:46 PM [main] INFO  com.automationpractice.pgobjct.TwitterPageObject - in current page url |https://twitter.com/prestashop | word present is prestashop
2023-Oct-01 17:50:46 PM [main] INFO  com.automationpractice.pgobjct.TwitterPageObject - Twitter handle is PrestaShop
2023-Oct-01 17:50:46 PM [main] INFO  com.automationpractice.core.WebDriverFactory - Driver closed
2023-Oct-01 17:50:48 PM [main] INFO  com.automationpractice.core.WebDriverFactory - Chrome Browser invoked
2023-Oct-01 17:50:48 PM [main] INFO  com.automationpractice.core.WebDriverFactory - Driver maximized and implicit time out set to 40 seconds
2023-Oct-01 17:50:48 PM [main] INFO  com.automationpractice.STEPDEFS.STEPDEFS - Browser invoked.
2023-Oct-01 17:50:56 PM [main] INFO  com.automationpractice.core.WebDriverFactory - Browser navigated to the url: http://automationpractice.pl/
2023-Oct-01 17:51:01 PM [main] INFO  com.automationpractice.pgobjct.HomePageObject - User selected product from webapp
2023-Oct-01 17:51:01 PM [main] INFO  com.automationpractice.pgobjct.HomePageObject - User checked out for product
2023-Oct-01 17:51:02 PM [main] INFO  com.automationpractice.core.WebDriverFactory - Driver closed
